Build started 14/12/2014 2:26:56 PM.
     1>Project "C:\Programming\C++\NeuralNets\neural net\neural net\neural net.vcxproj" on node 2 (Rebuild target(s)).
     1>ClCompile:
         C:\Programming\Microsoft Visual Studio 12.0\VC\bin\CL.exe /c /I"C:\Programming\armadillo-4.550.2\include" /ZI /nologo /W3 /WX- /sdl /Od /Oy- /D ARMA_USE_LAPACK /D ARMA_USE_BLAS /D WIN32 /D _DEBUG /D _CONSOLE /D _LIB /D _UNICODE /D UNICODE /Gm /EHsc /RTC1 /MDd /GS /fp:precise /Zc:wchar_t /Zc:forScope /Yc"stdafx.h" /Fp"Debug\neural net.pch" /Fo"Debug\\" /Fd"Debug\vc120.pdb" /Gd /TP /analyze- /errorReport:prompt stdafx.cpp
         stdafx.cpp
         C:\Programming\Microsoft Visual Studio 12.0\VC\bin\CL.exe /c /I"C:\Programming\armadillo-4.550.2\include" /ZI /nologo /W3 /WX- /sdl /Od /Oy- /D ARMA_USE_LAPACK /D ARMA_USE_BLAS /D WIN32 /D _DEBUG /D _CONSOLE /D _LIB /D _UNICODE /D UNICODE /Gm /EHsc /RTC1 /MDd /GS /fp:precise /Zc:wchar_t /Zc:forScope /Yu"stdafx.h" /Fp"Debug\neural net.pch" /Fo"Debug\\" /Fd"Debug\vc120.pdb" /Gd /TP /analyze- /errorReport:prompt "neural net.cpp"
         neural net.cpp
       Link:
         C:\Programming\Microsoft Visual Studio 12.0\VC\bin\link.exe /ERRORREPORT:PROMPT /OUT:"C:\Programming\C++\NeuralNets\neural net\Debug\neural net.exe" /INCREMENTAL /NOLOGO /LIBPATH:"C:\Programming\armadillo-4.550.2\examples\lib_win64" blas_win64_MT.lib lapack_win64_MT.lib kernel32.lib user32.lib gdi32.lib winspool.lib comdlg32.lib advapi32.lib shell32.lib ole32.lib oleaut32.lib uuid.lib odbc32.lib odbccp32.lib kernel32.lib user32.lib gdi32.lib winspool.lib comdlg32.lib advapi32.lib shell32.lib ole32.lib oleaut32.lib uuid.lib odbc32.lib odbccp32.lib /MANIFEST /MANIFESTUAC:"level='asInvoker' uiAccess='false'" /manifest:embed /DEBUG /PDB:"C:\Programming\C++\NeuralNets\neural net\Debug\neural net.pdb" /SUBSYSTEM:CONSOLE /TLBID:1 /DYNAMICBASE /NXCOMPAT /IMPLIB:"C:\Programming\C++\NeuralNets\neural net\Debug\neural net.lib" /MACHINE:X86 "Debug\neural net.obj"
         Debug\stdafx.obj
     1>neural net.obj : error LNK2019: unresolved external symbol _sdot_ referenced in function "double __cdecl arma::blas::dot<double>(unsigned int,double const *,double const *)" (??$dot@N@blas@arma@@YANIPBN0@Z)
     1>neural net.obj : error LNK2019: unresolved external symbol _ddot_ referenced in function "double __cdecl arma::blas::dot<double>(unsigned int,double const *,double const *)" (??$dot@N@blas@arma@@YANIPBN0@Z)
     1>neural net.obj : error LNK2019: unresolved external symbol _sgemv_ referenced in function "void __cdecl arma::blas::gemv<double>(char const *,int const *,int const *,double const *,double const *,int const *,double const *,int const *,double const *,double *,int const *)" (??$gemv@N@blas@arma@@YAXPBDPBH1PBN21212PAN1@Z)
     1>neural net.obj : error LNK2019: unresolved external symbol _dgemv_ referenced in function "void __cdecl arma::blas::gemv<double>(char const *,int const *,int const *,double const *,double const *,int const *,double const *,int const *,double const *,double *,int const *)" (??$gemv@N@blas@arma@@YAXPBDPBH1PBN21212PAN1@Z)
     1>neural net.obj : error LNK2019: unresolved external symbol _cgemv_ referenced in function "void __cdecl arma::blas::gemv<double>(char const *,int const *,int const *,double const *,double const *,int const *,double const *,int const *,double const *,double *,int const *)" (??$gemv@N@blas@arma@@YAXPBDPBH1PBN21212PAN1@Z)
     1>neural net.obj : error LNK2019: unresolved external symbol _zgemv_ referenced in function "void __cdecl arma::blas::gemv<double>(char const *,int const *,int const *,double const *,double const *,int const *,double const *,int const *,double const *,double *,int const *)" (??$gemv@N@blas@arma@@YAXPBDPBH1PBN21212PAN1@Z)
     1>neural net.obj : error LNK2019: unresolved external symbol _sgemm_ referenced in function "void __cdecl arma::blas::gemm<double>(char const *,char const *,int const *,int const *,int const *,double const *,double const *,int const *,double const *,int const *,double const *,double *,int const *)" (??$gemm@N@blas@arma@@YAXPBD0PBH11PBN21212PAN1@Z)
     1>neural net.obj : error LNK2019: unresolved external symbol _dgemm_ referenced in function "void __cdecl arma::blas::gemm<double>(char const *,char const *,int const *,int const *,int const *,double const *,double const *,int const *,double const *,int const *,double const *,double *,int const *)" (??$gemm@N@blas@arma@@YAXPBD0PBH11PBN21212PAN1@Z)
     1>neural net.obj : error LNK2019: unresolved external symbol _cgemm_ referenced in function "void __cdecl arma::blas::gemm<double>(char const *,char const *,int const *,int const *,int const *,double const *,double const *,int const *,double const *,int const *,double const *,double *,int const *)" (??$gemm@N@blas@arma@@YAXPBD0PBH11PBN21212PAN1@Z)
     1>neural net.obj : error LNK2019: unresolved external symbol _zgemm_ referenced in function "void __cdecl arma::blas::gemm<double>(char const *,char const *,int const *,int const *,int const *,double const *,double const *,int const *,double const *,int const *,double const *,double *,int const *)" (??$gemm@N@blas@arma@@YAXPBD0PBH11PBN21212PAN1@Z)
     1>neural net.obj : error LNK2019: unresolved external symbol _ssyrk_ referenced in function "void __cdecl arma::blas::syrk<double>(char const *,char const *,int const *,int const *,double const *,double const *,int const *,double const *,double *,int const *)" (??$syrk@N@blas@arma@@YAXPBD0PBH1PBN212PAN1@Z)
     1>neural net.obj : error LNK2019: unresolved external symbol _dsyrk_ referenced in function "void __cdecl arma::blas::syrk<double>(char const *,char const *,int const *,int const *,double const *,double const *,int const *,double const *,double *,int const *)" (??$syrk@N@blas@arma@@YAXPBD0PBH1PBN212PAN1@Z)
     1>neural net.obj : error LNK2019: unresolved external symbol _sgesv_ referenced in function "void __cdecl arma::lapack::gesv<double>(int *,int *,double *,int *,int *,double *,int *,int *)" (??$gesv@N@lapack@arma@@YAXPAH0PAN00100@Z)
     1>neural net.obj : error LNK2019: unresolved external symbol _dgesv_ referenced in function "void __cdecl arma::lapack::gesv<double>(int *,int *,double *,int *,int *,double *,int *,int *)" (??$gesv@N@lapack@arma@@YAXPAH0PAN00100@Z)
     1>neural net.obj : error LNK2019: unresolved external symbol _cgesv_ referenced in function "void __cdecl arma::lapack::gesv<double>(int *,int *,double *,int *,int *,double *,int *,int *)" (??$gesv@N@lapack@arma@@YAXPAH0PAN00100@Z)
     1>neural net.obj : error LNK2019: unresolved external symbol _zgesv_ referenced in function "void __cdecl arma::lapack::gesv<double>(int *,int *,double *,int *,int *,double *,int *,int *)" (??$gesv@N@lapack@arma@@YAXPAH0PAN00100@Z)
     1>neural net.obj : error LNK2019: unresolved external symbol _sgels_ referenced in function "void __cdecl arma::lapack::gels<double>(char *,int *,int *,int *,double *,int *,double *,int *,double *,int *,int *)" (??$gels@N@lapack@arma@@YAXPADPAH11PAN121211@Z)
     1>neural net.obj : error LNK2019: unresolved external symbol _dgels_ referenced in function "void __cdecl arma::lapack::gels<double>(char *,int *,int *,int *,double *,int *,double *,int *,double *,int *,int *)" (??$gels@N@lapack@arma@@YAXPADPAH11PAN121211@Z)
     1>neural net.obj : error LNK2019: unresolved external symbol _cgels_ referenced in function "void __cdecl arma::lapack::gels<double>(char *,int *,int *,int *,double *,int *,double *,int *,double *,int *,int *)" (??$gels@N@lapack@arma@@YAXPADPAH11PAN121211@Z)
     1>neural net.obj : error LNK2019: unresolved external symbol _zgels_ referenced in function "void __cdecl arma::lapack::gels<double>(char *,int *,int *,int *,double *,int *,double *,int *,double *,int *,int *)" (??$gels@N@lapack@arma@@YAXPADPAH11PAN121211@Z)
     1>C:\Programming\C++\NeuralNets\neural net\Debug\neural net.exe : fatal error LNK1120: 20 unresolved externals
     1>Done Building Project "C:\Programming\C++\NeuralNets\neural net\neural net\neural net.vcxproj" (Rebuild target(s)) -- FAILED.

Build FAILED.

Time Elapsed 00:00:01.22
